\BOOKMARK [1][]{section.1}{Introduction}{}% 1
\BOOKMARK [2][]{subsection.1.1}{Background}{section.1}% 2
\BOOKMARK [2][]{subsection.1.2}{Restatement\040of\040the\040problem}{section.1}% 3
\BOOKMARK [2][]{subsection.1.3}{Our\040works}{section.1}% 4
\BOOKMARK [1][]{section.2}{Assumptions\040and\040Justification}{}% 5
\BOOKMARK [1][]{section.3}{Symbols\040and\040Definitions\040}{}% 6
\BOOKMARK [1][]{section.4}{Models}{}% 7
\BOOKMARK [2][]{subsection.4.1}{Optimize\040the\040use\040of\040camping\040sites}{section.4}% 8
\BOOKMARK [3][]{subsubsection.4.1.1}{Some\040necessary\040preparation}{subsection.4.1}% 9
\BOOKMARK [3][]{subsubsection.4.1.2}{Utilization\040of\040camping\040sites}{subsection.4.1}% 10
\BOOKMARK [2][]{subsection.4.2}{Reduce\040the\040number\040of\040contacts}{section.4}% 11
\BOOKMARK [2][]{subsection.4.3}{Itinerary\040Plan}{section.4}% 12
\BOOKMARK [1][]{section.5}{Sensitivity\040analysis\040of\040the\040model}{}% 13
\BOOKMARK [2][]{subsection.5.1}{Sensitivity\040analysis\040of\040the\040maximum\040drifting\040time\040of\040a\040day}{section.5}% 14
\BOOKMARK [2][]{subsection.5.2}{Sensitivity\040analysis\040of\040the\040total\040campsite}{section.5}% 15
\BOOKMARK [2][]{subsection.5.3}{Sensitivity\040analysis\040of\040contacts\040frequency}{section.5}% 16
\BOOKMARK [1][]{section.6}{Strengths\040and\040weaknesses}{}% 17
\BOOKMARK [2][]{subsection.6.1}{Strengths}{section.6}% 18
\BOOKMARK [2][]{subsection.6.2}{weaknesses}{section.6}% 19
\BOOKMARK [1][]{section.7}{Future\040Improvements}{}% 20
\BOOKMARK [1][]{section.8}{memorandum}{}% 21
